<?xml version="1.0" encoding="UTF-8"?>
<coverage generated="1562920240243" clover="3.2.0">
  <project timestamp="1562920240243" name="All files">
    <metrics statements="54" coveredstatements="33" conditionals="6" coveredconditionals="6" methods="26" coveredmethods="9" elements="86" coveredelements="48" complexity="0" loc="54" ncloc="54" packages="9" files="13" classes="13"/>
    <package name="CodeLab">
      <metrics statements="13" coveredstatements="10" conditionals="6" coveredconditionals="6" methods="5" coveredmethods="2"/>
      <file name="App.js" path="/Users/kabiribraheem/Documents/CodeLab-expo/codelab-expo/CodeLab/App.js">
        <metrics statements="13" coveredstatements="10" conditionals="6" coveredconditionals="6" methods="5" coveredmethods="2"/>
        <line num="11" count="2" type="stmt"/>
        <line num="16" count="2" type="stmt"/>
        <line num="17" count="2" type="stmt"/>
        <line num="26" count="2" type="cond" truecount="4" falsecount="0"/>
        <line num="27" count="1" type="stmt"/>
        <line num="35" count="1" type="stmt"/>
        <line num="44" count="2" type="stmt"/>
        <line num="45" count="0" type="stmt"/>
        <line num="60" count="2" type="stmt"/>
        <line num="63" count="0" type="stmt"/>
        <line num="66" count="2" type="stmt"/>
        <line num="67" count="0" type="stmt"/>
        <line num="71" count="1" type="stmt"/>
      </file>
    </package>
    <package name="CodeLab.assets.images">
      <metrics statements="5" coveredstatements="5" conditionals="0" coveredconditionals="0" methods="0" coveredmethods="0"/>
      <file name="avatar.jpg" path="/Users/kabiribraheem/Documents/CodeLab-expo/codelab-expo/CodeLab/assets/images/avatar.jpg">
        <metrics statements="1" coveredstatements="1" conditionals="0" coveredconditionals="0" methods="0" coveredmethods="0"/>
        <line num="1" count="1" type="stmt"/>
      </file>
      <file name="facebook.png" path="/Users/kabiribraheem/Documents/CodeLab-expo/codelab-expo/CodeLab/assets/images/facebook.png">
        <metrics statements="1" coveredstatements="1" conditionals="0" coveredconditionals="0" methods="0" coveredmethods="0"/>
        <line num="1" count="1" type="stmt"/>
      </file>
      <file name="instagram.png" path="/Users/kabiribraheem/Documents/CodeLab-expo/codelab-expo/CodeLab/assets/images/instagram.png">
        <metrics statements="1" coveredstatements="1" conditionals="0" coveredconditionals="0" methods="0" coveredmethods="0"/>
        <line num="1" count="1" type="stmt"/>
      </file>
      <file name="robot-dev.png" path="/Users/kabiribraheem/Documents/CodeLab-expo/codelab-expo/CodeLab/assets/images/robot-dev.png">
        <metrics statements="1" coveredstatements="1" conditionals="0" coveredconditionals="0" methods="0" coveredmethods="0"/>
        <line num="1" count="1" type="stmt"/>
      </file>
      <file name="twiiter.png" path="/Users/kabiribraheem/Documents/CodeLab-expo/codelab-expo/CodeLab/assets/images/twiiter.png">
        <metrics statements="1" coveredstatements="1" conditionals="0" coveredconditionals="0" methods="0" coveredmethods="0"/>
        <line num="1" count="1" type="stmt"/>
      </file>
    </package>
    <package name="CodeLab.components">
      <metrics statements="1" coveredstatements="1" conditionals="0" coveredconditionals="0" methods="1" coveredmethods="1"/>
      <file name="StyledText.js" path="/Users/kabiribraheem/Documents/CodeLab-expo/codelab-expo/CodeLab/components/StyledText.js">
        <metrics statements="1" coveredstatements="1" conditionals="0" coveredconditionals="0" methods="1" coveredmethods="1"/>
        <line num="5" count="1" type="stmt"/>
      </file>
    </package>
    <package name="CodeLab.components.listComponent">
      <metrics statements="3" coveredstatements="2" conditionals="0" coveredconditionals="0" methods="2" coveredmethods="1"/>
      <file name="List.js" path="/Users/kabiribraheem/Documents/CodeLab-expo/codelab-expo/CodeLab/components/listComponent/List.js">
        <metrics statements="3" coveredstatements="2" conditionals="0" coveredconditionals="0" methods="2" coveredmethods="1"/>
        <line num="9" count="1" type="stmt"/>
        <line num="10" count="1" type="stmt"/>
        <line num="17" count="0" type="stmt"/>
      </file>
    </package>
    <package name="CodeLab.components.modalComponent">
      <metrics statements="2" coveredstatements="1" conditionals="0" coveredconditionals="0" methods="2" coveredmethods="1"/>
      <file name="modal.js" path="/Users/kabiribraheem/Documents/CodeLab-expo/codelab-expo/CodeLab/components/modalComponent/modal.js">
        <metrics statements="2" coveredstatements="1" conditionals="0" coveredconditionals="0" methods="2" coveredmethods="1"/>
        <line num="9" count="1" type="stmt"/>
        <line num="19" count="0" type="stmt"/>
      </file>
    </package>
    <package name="CodeLab.components.profileComponent">
      <metrics statements="2" coveredstatements="2" conditionals="0" coveredconditionals="0" methods="1" coveredmethods="1"/>
      <file name="Profile.js" path="/Users/kabiribraheem/Documents/CodeLab-expo/codelab-expo/CodeLab/components/profileComponent/Profile.js">
        <metrics statements="2" coveredstatements="2" conditionals="0" coveredconditionals="0" methods="1" coveredmethods="1"/>
        <line num="6" count="1" type="stmt"/>
        <line num="113" count="2" type="stmt"/>
      </file>
    </package>
    <package name="CodeLab.screens.Home">
      <metrics statements="6" coveredstatements="3" conditionals="0" coveredconditionals="0" methods="3" coveredmethods="1"/>
      <file name="HomeScreen.js" path="/Users/kabiribraheem/Documents/CodeLab-expo/codelab-expo/CodeLab/screens/Home/HomeScreen.js">
        <metrics statements="6" coveredstatements="3" conditionals="0" coveredconditionals="0" methods="3" coveredmethods="1"/>
        <line num="7" count="0" type="stmt"/>
        <line num="15" count="1" type="stmt"/>
        <line num="23" count="1" type="stmt"/>
        <line num="24" count="0" type="stmt"/>
        <line num="40" count="0" type="stmt"/>
        <line num="54" count="1" type="stmt"/>
      </file>
    </package>
    <package name="CodeLab.screens.List">
      <metrics statements="13" coveredstatements="5" conditionals="0" coveredconditionals="0" methods="7" coveredmethods="1"/>
      <file name="ListScreen.js" path="/Users/kabiribraheem/Documents/CodeLab-expo/codelab-expo/CodeLab/screens/List/ListScreen.js">
        <metrics statements="13" coveredstatements="5" conditionals="0" coveredconditionals="0" methods="7" coveredmethods="1"/>
        <line num="9" count="1" type="stmt"/>
        <line num="10" count="0" type="stmt"/>
        <line num="11" count="0" type="stmt"/>
        <line num="26" count="0" type="stmt"/>
        <line num="32" count="1" type="stmt"/>
        <line num="36" count="1" type="stmt"/>
        <line num="37" count="0" type="stmt"/>
        <line num="41" count="1" type="stmt"/>
        <line num="47" count="0" type="stmt"/>
        <line num="48" count="0" type="stmt"/>
        <line num="55" count="0" type="stmt"/>
        <line num="88" count="0" type="stmt"/>
        <line num="111" count="1" type="stmt"/>
      </file>
    </package>
    <package name="CodeLab.screens.Profile">
      <metrics statements="9" coveredstatements="4" conditionals="0" coveredconditionals="0" methods="5" coveredmethods="1"/>
      <file name="ProfileScreen.js" path="/Users/kabiribraheem/Documents/CodeLab-expo/codelab-expo/CodeLab/screens/Profile/ProfileScreen.js">
        <metrics statements="9" coveredstatements="4" conditionals="0" coveredconditionals="0" methods="5" coveredmethods="1"/>
        <line num="7" count="1" type="stmt"/>
        <line num="11" count="1" type="stmt"/>
        <line num="12" count="0" type="stmt"/>
        <line num="13" count="0" type="stmt"/>
        <line num="22" count="0" type="stmt"/>
        <line num="34" count="1" type="stmt"/>
        <line num="35" count="0" type="stmt"/>
        <line num="39" count="1" type="stmt"/>
        <line num="43" count="0" type="stmt"/>
      </file>
    </package>
  </project>
</coverage>
