{"/Users/kabiribraheem/Documents/CodeLab-expo/codelab-expo/CodeLab/App.js": {"path":"/Users/kabiribraheem/Documents/CodeLab-expo/codelab-expo/CodeLab/App.js","statementMap":{"0":{"start":{"line":16,"column":10},"end":{"line":20,"column":3}},"1":{"start":{"line":23,"column":23},"end":{"line":30,"column":3}},"2":{"start":{"line":24,"column":4},"end":{"line":29,"column":6}},"3":{"start":{"line":32,"column":22},"end":{"line":36,"column":3}},"4":{"start":{"line":33,"column":4},"end":{"line":35,"column":6}},"5":{"start":{"line":34,"column":6},"end":{"line":34,"column":38}},"6":{"start":{"line":39,"column":19},"end":{"line":39,"column":54}},"7":{"start":{"line":40,"column":4},"end":{"line":57,"column":5}},"8":{"start":{"line":41,"column":6},"end":{"line":47,"column":8}},"9":{"start":{"line":49,"column":6},"end":{"line":56,"column":8}},"10":{"start":{"line":60,"column":24},"end":{"line":73,"column":3}},"11":{"start":{"line":61,"column":4},"end":{"line":72,"column":7}},"12":{"start":{"line":75,"column":24},"end":{"line":79,"column":3}},"13":{"start":{"line":78,"column":4},"end":{"line":78,"column":24}},"14":{"start":{"line":81,"column":25},"end":{"line":83,"column":3}},"15":{"start":{"line":82,"column":4},"end":{"line":82,"column":47}},"16":{"start":{"line":86,"column":15},"end":{"line":91,"column":2}}},"fnMap":{"0":{"name":"(anonymous_0)","decl":{"start":{"line":23,"column":23},"end":{"line":23,"column":24}},"loc":{"start":{"line":23,"column":35},"end":{"line":30,"column":3}},"line":23},"1":{"name":"(anonymous_1)","decl":{"start":{"line":32,"column":22},"end":{"line":32,"column":23}},"loc":{"start":{"line":32,"column":28},"end":{"line":36,"column":3}},"line":32},"2":{"name":"(anonymous_2)","decl":{"start":{"line":33,"column":50},"end":{"line":33,"column":51}},"loc":{"start":{"line":33,"column":61},"end":{"line":35,"column":5}},"line":33},"3":{"name":"(anonymous_3)","decl":{"start":{"line":38,"column":2},"end":{"line":38,"column":3}},"loc":{"start":{"line":38,"column":11},"end":{"line":58,"column":3}},"line":38},"4":{"name":"(anonymous_4)","decl":{"start":{"line":60,"column":24},"end":{"line":60,"column":25}},"loc":{"start":{"line":60,"column":36},"end":{"line":73,"column":3}},"line":60},"5":{"name":"(anonymous_5)","decl":{"start":{"line":75,"column":24},"end":{"line":75,"column":25}},"loc":{"start":{"line":75,"column":33},"end":{"line":79,"column":3}},"line":75},"6":{"name":"(anonymous_6)","decl":{"start":{"line":81,"column":25},"end":{"line":81,"column":26}},"loc":{"start":{"line":81,"column":31},"end":{"line":83,"column":3}},"line":81}},"branchMap":{"0":{"loc":{"start":{"line":40,"column":4},"end":{"line":57,"column":5}},"type":"if","locations":[{"start":{"line":40,"column":4},"end":{"line":57,"column":5}},{"start":{"line":40,"column":4},"end":{"line":57,"column":5}}],"line":40},"1":{"loc":{"start":{"line":40,"column":8},"end":{"line":40,"column":70}},"type":"binary-expr","locations":[{"start":{"line":40,"column":8},"end":{"line":40,"column":37}},{"start":{"line":40,"column":41},"end":{"line":40,"column":70}}],"line":40},"2":{"loc":{"start":{"line":52,"column":11},"end":{"line":52,"column":68}},"type":"binary-expr","locations":[{"start":{"line":52,"column":11},"end":{"line":52,"column":32}},{"start":{"line":52,"column":36},"end":{"line":52,"column":68}}],"line":52}},"s":{"0":2,"1":2,"2":2,"3":2,"4":0,"5":0,"6":2,"7":0,"8":0,"9":0,"10":2,"11":0,"12":2,"13":0,"14":2,"15":0,"16":1},"f":{"0":2,"1":0,"2":0,"3":2,"4":0,"5":0,"6":0},"b":{"0":[0,0],"1":[0,0],"2":[0,0]},"_coverageSchema":"43e27e138ebf9cfc5966b082cf9a028302ed4184","hash":"6439e23581288266b6ca58fd98d88938402eac46"}
,"/Users/kabiribraheem/Documents/CodeLab-expo/codelab-expo/CodeLab/apollo.js": {"path":"/Users/kabiribraheem/Documents/CodeLab-expo/codelab-expo/CodeLab/apollo.js","statementMap":{"0":{"start":{"line":7,"column":25},"end":{"line":29,"column":1}},"1":{"start":{"line":8,"column":18},"end":{"line":10,"column":3}},"2":{"start":{"line":12,"column":18},"end":{"line":19,"column":3}},"3":{"start":{"line":13,"column":2},"end":{"line":18,"column":3}},"4":{"start":{"line":22,"column":15},"end":{"line":22,"column":34}},"5":{"start":{"line":24,"column":16},"end":{"line":27,"column":3}},"6":{"start":{"line":28,"column":1},"end":{"line":28,"column":15}}},"fnMap":{"0":{"name":"(anonymous_0)","decl":{"start":{"line":7,"column":25},"end":{"line":7,"column":26}},"loc":{"start":{"line":7,"column":36},"end":{"line":29,"column":1}},"line":7},"1":{"name":"(anonymous_1)","decl":{"start":{"line":12,"column":29},"end":{"line":12,"column":30}},"loc":{"start":{"line":12,"column":49},"end":{"line":19,"column":2}},"line":12}},"branchMap":{},"s":{"0":1,"1":2,"2":0,"3":0,"4":0,"5":0,"6":0},"f":{"0":2,"1":0},"b":{},"_coverageSchema":"43e27e138ebf9cfc5966b082cf9a028302ed4184","hash":"71ffc8799a62f269e3fa08f5e8ba8902a430646c"}
,"/Users/kabiribraheem/Documents/CodeLab-expo/codelab-expo/CodeLab/assets/images/close.png": {"path":"/Users/kabiribraheem/Documents/CodeLab-expo/codelab-expo/CodeLab/assets/images/close.png","statementMap":{"0":{"start":{"line":1,"column":0},"end":{"line":1,"column":19}}},"fnMap":{},"branchMap":{},"s":{"0":1},"f":{},"b":{},"_coverageSchema":"43e27e138ebf9cfc5966b082cf9a028302ed4184","hash":"3cdd83214d9fdbbe523ca744d8e210f5df1ca4d0"}
,"/Users/kabiribraheem/Documents/CodeLab-expo/codelab-expo/CodeLab/assets/images/facebook.png": {"path":"/Users/kabiribraheem/Documents/CodeLab-expo/codelab-expo/CodeLab/assets/images/facebook.png","statementMap":{"0":{"start":{"line":1,"column":0},"end":{"line":1,"column":19}}},"fnMap":{},"branchMap":{},"s":{"0":1},"f":{},"b":{},"_coverageSchema":"43e27e138ebf9cfc5966b082cf9a028302ed4184","hash":"cbdb07eacbb1f681b4d308c0d3a70971f73a7d4b"}
,"/Users/kabiribraheem/Documents/CodeLab-expo/codelab-expo/CodeLab/assets/images/instagram.png": {"path":"/Users/kabiribraheem/Documents/CodeLab-expo/codelab-expo/CodeLab/assets/images/instagram.png","statementMap":{"0":{"start":{"line":1,"column":0},"end":{"line":1,"column":19}}},"fnMap":{},"branchMap":{},"s":{"0":1},"f":{},"b":{},"_coverageSchema":"43e27e138ebf9cfc5966b082cf9a028302ed4184","hash":"82db718b25701276371d486ef6b7dfef91c9af92"}
,"/Users/kabiribraheem/Documents/CodeLab-expo/codelab-expo/CodeLab/assets/images/twiiter.png": {"path":"/Users/kabiribraheem/Documents/CodeLab-expo/codelab-expo/CodeLab/assets/images/twiiter.png","statementMap":{"0":{"start":{"line":1,"column":0},"end":{"line":1,"column":19}}},"fnMap":{},"branchMap":{},"s":{"0":1},"f":{},"b":{},"_coverageSchema":"43e27e138ebf9cfc5966b082cf9a028302ed4184","hash":"265e7b48d3baa0a395575f367877c93408c04dc7"}
,"/Users/kabiribraheem/Documents/CodeLab-expo/codelab-expo/CodeLab/components/StyledText.js": {"path":"/Users/kabiribraheem/Documents/CodeLab-expo/codelab-expo/CodeLab/components/StyledText.js","statementMap":{"0":{"start":{"line":5,"column":2},"end":{"line":7,"column":4}}},"fnMap":{"0":{"name":"MonoText","decl":{"start":{"line":4,"column":16},"end":{"line":4,"column":24}},"loc":{"start":{"line":4,"column":32},"end":{"line":8,"column":1}},"line":4}},"branchMap":{},"s":{"0":1},"f":{"0":1},"b":{},"_coverageSchema":"43e27e138ebf9cfc5966b082cf9a028302ed4184","hash":"1f8d84c701cff158668423f04e07e7f908963b04"}
,"/Users/kabiribraheem/Documents/CodeLab-expo/codelab-expo/CodeLab/components/listComponent/List.js": {"path":"/Users/kabiribraheem/Documents/CodeLab-expo/codelab-expo/CodeLab/components/listComponent/List.js","statementMap":{"0":{"start":{"line":8,"column":9},"end":{"line":10,"column":2}},"1":{"start":{"line":13,"column":30},"end":{"line":13,"column":40}},"2":{"start":{"line":14,"column":2},"end":{"line":43,"column":4}},"3":{"start":{"line":22,"column":10},"end":{"line":36,"column":21}},"4":{"start":{"line":25,"column":26},"end":{"line":27,"column":13}}},"fnMap":{"0":{"name":"(anonymous_0)","decl":{"start":{"line":12,"column":1},"end":{"line":12,"column":2}},"loc":{"start":{"line":12,"column":10},"end":{"line":44,"column":2}},"line":12},"1":{"name":"(anonymous_1)","decl":{"start":{"line":21,"column":18},"end":{"line":21,"column":19}},"loc":{"start":{"line":22,"column":10},"end":{"line":36,"column":21}},"line":22},"2":{"name":"(anonymous_2)","decl":{"start":{"line":25,"column":20},"end":{"line":25,"column":21}},"loc":{"start":{"line":25,"column":26},"end":{"line":27,"column":13}},"line":25}},"branchMap":{"0":{"loc":{"start":{"line":17,"column":5},"end":{"line":40,"column":16}},"type":"binary-expr","locations":[{"start":{"line":17,"column":5},"end":{"line":17,"column":9}},{"start":{"line":18,"column":5},"end":{"line":40,"column":16}}],"line":17}},"s":{"0":1,"1":1,"2":1,"3":0,"4":0},"f":{"0":1,"1":0,"2":0},"b":{"0":[1,0]},"_coverageSchema":"43e27e138ebf9cfc5966b082cf9a028302ed4184","hash":"675faf4b12c701c954ca24a7e21249e4db42dfbf"}
,"/Users/kabiribraheem/Documents/CodeLab-expo/codelab-expo/CodeLab/components/modalComponent/modal.js": {"path":"/Users/kabiribraheem/Documents/CodeLab-expo/codelab-expo/CodeLab/components/modalComponent/modal.js","statementMap":{"0":{"start":{"line":7,"column":2},"end":{"line":36,"column":4}},"1":{"start":{"line":23,"column":25},"end":{"line":23,"column":58}}},"fnMap":{"0":{"name":"(anonymous_0)","decl":{"start":{"line":6,"column":1},"end":{"line":6,"column":2}},"loc":{"start":{"line":6,"column":10},"end":{"line":37,"column":2}},"line":6},"1":{"name":"(anonymous_1)","decl":{"start":{"line":23,"column":19},"end":{"line":23,"column":20}},"loc":{"start":{"line":23,"column":25},"end":{"line":23,"column":58}},"line":23}},"branchMap":{},"s":{"0":1,"1":0},"f":{"0":1,"1":0},"b":{},"_coverageSchema":"43e27e138ebf9cfc5966b082cf9a028302ed4184","hash":"7b201f231e59e902fb400858fe303aeb0eeac260"}
,"/Users/kabiribraheem/Documents/CodeLab-expo/codelab-expo/CodeLab/components/profileComponent/Profile.js": {"path":"/Users/kabiribraheem/Documents/CodeLab-expo/codelab-expo/CodeLab/components/profileComponent/Profile.js","statementMap":{"0":{"start":{"line":7,"column":28},"end":{"line":7,"column":38}},"1":{"start":{"line":8,"column":2},"end":{"line":111,"column":4}},"2":{"start":{"line":51,"column":118},"end":{"line":51,"column":158}},"3":{"start":{"line":115,"column":15},"end":{"line":143,"column":2}}},"fnMap":{"0":{"name":"(anonymous_0)","decl":{"start":{"line":6,"column":1},"end":{"line":6,"column":2}},"loc":{"start":{"line":6,"column":10},"end":{"line":112,"column":2}},"line":6},"1":{"name":"(anonymous_1)","decl":{"start":{"line":51,"column":114},"end":{"line":51,"column":115}},"loc":{"start":{"line":51,"column":118},"end":{"line":51,"column":158}},"line":51}},"branchMap":{},"s":{"0":1,"1":1,"2":0,"3":2},"f":{"0":1,"1":0},"b":{},"_coverageSchema":"43e27e138ebf9cfc5966b082cf9a028302ed4184","hash":"298aadbe9c543cf435703d9715d242b891b38ee5"}
,"/Users/kabiribraheem/Documents/CodeLab-expo/codelab-expo/CodeLab/screens/List/ListScreen.js": {"path":"/Users/kabiribraheem/Documents/CodeLab-expo/codelab-expo/CodeLab/screens/List/ListScreen.js","statementMap":{"0":{"start":{"line":9,"column":30},"end":{"line":40,"column":1}},"1":{"start":{"line":43,"column":29},"end":{"line":81,"column":3}},"2":{"start":{"line":44,"column":17},"end":{"line":44,"column":63}},"3":{"start":{"line":45,"column":19},"end":{"line":45,"column":48}},"4":{"start":{"line":46,"column":4},"end":{"line":48,"column":5}},"5":{"start":{"line":47,"column":6},"end":{"line":47,"column":31}},"6":{"start":{"line":49,"column":29},"end":{"line":49,"column":68}},"7":{"start":{"line":50,"column":20},"end":{"line":50,"column":50}},"8":{"start":{"line":51,"column":4},"end":{"line":80,"column":5}},"9":{"start":{"line":62,"column":43},"end":{"line":62,"column":65}},"10":{"start":{"line":69,"column":25},"end":{"line":69,"column":34}},"11":{"start":{"line":83,"column":10},"end":{"line":87,"column":3}},"12":{"start":{"line":90,"column":20},"end":{"line":92,"column":3}},"13":{"start":{"line":91,"column":4},"end":{"line":91,"column":45}},"14":{"start":{"line":94,"column":18},"end":{"line":102,"column":3}},"15":{"start":{"line":95,"column":4},"end":{"line":101,"column":5}},"16":{"start":{"line":96,"column":6},"end":{"line":96,"column":55}},"17":{"start":{"line":97,"column":6},"end":{"line":97,"column":44}},"18":{"start":{"line":100,"column":6},"end":{"line":100,"column":33}},"19":{"start":{"line":105,"column":4},"end":{"line":105,"column":107}},"20":{"start":{"line":110,"column":4},"end":{"line":114,"column":5}},"21":{"start":{"line":111,"column":6},"end":{"line":113,"column":7}},"22":{"start":{"line":112,"column":8},"end":{"line":112,"column":67}},"23":{"start":{"line":118,"column":23},"end":{"line":118,"column":57}},"24":{"start":{"line":119,"column":19},"end":{"line":119,"column":74}},"25":{"start":{"line":119,"column":44},"end":{"line":119,"column":73}},"26":{"start":{"line":120,"column":4},"end":{"line":122,"column":6}},"27":{"start":{"line":126,"column":25},"end":{"line":126,"column":46}},"28":{"start":{"line":127,"column":4},"end":{"line":194,"column":6}},"29":{"start":{"line":177,"column":20},"end":{"line":177,"column":67}},"30":{"start":{"line":186,"column":42},"end":{"line":186,"column":59}},"31":{"start":{"line":205,"column":15},"end":{"line":233,"column":2}}},"fnMap":{"0":{"name":"(anonymous_0)","decl":{"start":{"line":43,"column":29},"end":{"line":43,"column":30}},"loc":{"start":{"line":43,"column":49},"end":{"line":81,"column":3}},"line":43},"1":{"name":"(anonymous_1)","decl":{"start":{"line":62,"column":37},"end":{"line":62,"column":38}},"loc":{"start":{"line":62,"column":43},"end":{"line":62,"column":65}},"line":62},"2":{"name":"(anonymous_2)","decl":{"start":{"line":69,"column":19},"end":{"line":69,"column":20}},"loc":{"start":{"line":69,"column":25},"end":{"line":69,"column":34}},"line":69},"3":{"name":"(anonymous_3)","decl":{"start":{"line":90,"column":20},"end":{"line":90,"column":21}},"loc":{"start":{"line":90,"column":33},"end":{"line":92,"column":3}},"line":90},"4":{"name":"(anonymous_4)","decl":{"start":{"line":94,"column":18},"end":{"line":94,"column":19}},"loc":{"start":{"line":94,"column":30},"end":{"line":102,"column":3}},"line":94},"5":{"name":"(anonymous_5)","decl":{"start":{"line":104,"column":2},"end":{"line":104,"column":3}},"loc":{"start":{"line":104,"column":22},"end":{"line":106,"column":3}},"line":104},"6":{"name":"(anonymous_6)","decl":{"start":{"line":108,"column":2},"end":{"line":108,"column":3}},"loc":{"start":{"line":108,"column":31},"end":{"line":115,"column":3}},"line":108},"7":{"name":"(anonymous_7)","decl":{"start":{"line":117,"column":2},"end":{"line":117,"column":3}},"loc":{"start":{"line":117,"column":14},"end":{"line":123,"column":3}},"line":117},"8":{"name":"(anonymous_8)","decl":{"start":{"line":119,"column":37},"end":{"line":119,"column":38}},"loc":{"start":{"line":119,"column":44},"end":{"line":119,"column":73}},"line":119},"9":{"name":"(anonymous_9)","decl":{"start":{"line":125,"column":2},"end":{"line":125,"column":3}},"loc":{"start":{"line":125,"column":10},"end":{"line":195,"column":3}},"line":125},"10":{"name":"(anonymous_10)","decl":{"start":{"line":176,"column":27},"end":{"line":176,"column":28}},"loc":{"start":{"line":176,"column":33},"end":{"line":178,"column":19}},"line":176},"11":{"name":"(anonymous_11)","decl":{"start":{"line":186,"column":32},"end":{"line":186,"column":33}},"loc":{"start":{"line":186,"column":42},"end":{"line":186,"column":59}},"line":186}},"branchMap":{"0":{"loc":{"start":{"line":46,"column":4},"end":{"line":48,"column":5}},"type":"if","locations":[{"start":{"line":46,"column":4},"end":{"line":48,"column":5}},{"start":{"line":46,"column":4},"end":{"line":48,"column":5}}],"line":46},"1":{"loc":{"start":{"line":110,"column":4},"end":{"line":114,"column":5}},"type":"if","locations":[{"start":{"line":110,"column":4},"end":{"line":114,"column":5}},{"start":{"line":110,"column":4},"end":{"line":114,"column":5}}],"line":110},"2":{"loc":{"start":{"line":111,"column":6},"end":{"line":113,"column":7}},"type":"if","locations":[{"start":{"line":111,"column":6},"end":{"line":113,"column":7}},{"start":{"line":111,"column":6},"end":{"line":113,"column":7}}],"line":111},"3":{"loc":{"start":{"line":134,"column":12},"end":{"line":138,"column":70}},"type":"cond-expr","locations":[{"start":{"line":135,"column":16},"end":{"line":135,"column":136}},{"start":{"line":136,"column":18},"end":{"line":138,"column":70}}],"line":134},"4":{"loc":{"start":{"line":136,"column":18},"end":{"line":138,"column":70}},"type":"cond-expr","locations":[{"start":{"line":137,"column":18},"end":{"line":137,"column":149}},{"start":{"line":138,"column":16},"end":{"line":138,"column":70}}],"line":136}},"s":{"0":1,"1":1,"2":0,"3":0,"4":0,"5":0,"6":0,"7":0,"8":0,"9":0,"10":0,"11":0,"12":0,"13":0,"14":0,"15":0,"16":0,"17":0,"18":0,"19":0,"20":0,"21":0,"22":0,"23":0,"24":0,"25":0,"26":0,"27":0,"28":0,"29":0,"30":0,"31":1},"f":{"0":0,"1":0,"2":0,"3":0,"4":0,"5":0,"6":0,"7":0,"8":0,"9":0,"10":0,"11":0},"b":{"0":[0,0],"1":[0,0],"2":[0,0],"3":[0,0],"4":[0,0]},"_coverageSchema":"43e27e138ebf9cfc5966b082cf9a028302ed4184","hash":"11ff67955a3791d51b2198d3d6ef466c2a502cbb"}
,"/Users/kabiribraheem/Documents/CodeLab-expo/codelab-expo/CodeLab/screens/Profile/ProfileScreen.js": {"path":"/Users/kabiribraheem/Documents/CodeLab-expo/codelab-expo/CodeLab/screens/Profile/ProfileScreen.js","statementMap":{"0":{"start":{"line":6,"column":10},"end":{"line":8,"column":3}},"1":{"start":{"line":10,"column":29},"end":{"line":33,"column":3}},"2":{"start":{"line":11,"column":17},"end":{"line":11,"column":56}},"3":{"start":{"line":12,"column":4},"end":{"line":32,"column":7}},"4":{"start":{"line":21,"column":45},"end":{"line":21,"column":55}},"5":{"start":{"line":35,"column":20},"end":{"line":37,"column":3}},"6":{"start":{"line":36,"column":4},"end":{"line":36,"column":45}},"7":{"start":{"line":40,"column":4},"end":{"line":40,"column":80}},"8":{"start":{"line":44,"column":23},"end":{"line":44,"column":44}},"9":{"start":{"line":45,"column":17},"end":{"line":45,"column":55}},"10":{"start":{"line":46,"column":4},"end":{"line":51,"column":6}}},"fnMap":{"0":{"name":"(anonymous_0)","decl":{"start":{"line":10,"column":29},"end":{"line":10,"column":30}},"loc":{"start":{"line":10,"column":47},"end":{"line":33,"column":3}},"line":10},"1":{"name":"(anonymous_1)","decl":{"start":{"line":21,"column":39},"end":{"line":21,"column":40}},"loc":{"start":{"line":21,"column":45},"end":{"line":21,"column":55}},"line":21},"2":{"name":"(anonymous_2)","decl":{"start":{"line":35,"column":20},"end":{"line":35,"column":21}},"loc":{"start":{"line":35,"column":33},"end":{"line":37,"column":3}},"line":35},"3":{"name":"(anonymous_3)","decl":{"start":{"line":39,"column":2},"end":{"line":39,"column":3}},"loc":{"start":{"line":39,"column":23},"end":{"line":41,"column":3}},"line":39},"4":{"name":"(anonymous_4)","decl":{"start":{"line":43,"column":2},"end":{"line":43,"column":3}},"loc":{"start":{"line":43,"column":10},"end":{"line":52,"column":3}},"line":43}},"branchMap":{},"s":{"0":1,"1":1,"2":0,"3":0,"4":0,"5":1,"6":0,"7":1,"8":1,"9":1,"10":0},"f":{"0":0,"1":0,"2":0,"3":1,"4":1},"b":{},"_coverageSchema":"43e27e138ebf9cfc5966b082cf9a028302ed4184","hash":"22b062c60f08f73fed13084625de16a2521db03d"}
}
