{"/Users/kabiribraheem/Documents/CodeLab-expo/codelab-expo/CodeLab/App.js": {"path":"/Users/kabiribraheem/Documents/CodeLab-expo/codelab-expo/CodeLab/App.js","statementMap":{"0":{"start":{"line":13,"column":0},"end":{"line":13,"column":37}},"1":{"start":{"line":16,"column":10},"end":{"line":20,"column":3}},"2":{"start":{"line":23,"column":23},"end":{"line":31,"column":3}},"3":{"start":{"line":24,"column":4},"end":{"line":30,"column":6}},"4":{"start":{"line":33,"column":22},"end":{"line":37,"column":3}},"5":{"start":{"line":34,"column":4},"end":{"line":36,"column":6}},"6":{"start":{"line":35,"column":6},"end":{"line":35,"column":38}},"7":{"start":{"line":40,"column":19},"end":{"line":40,"column":54}},"8":{"start":{"line":41,"column":4},"end":{"line":58,"column":5}},"9":{"start":{"line":42,"column":6},"end":{"line":48,"column":8}},"10":{"start":{"line":50,"column":6},"end":{"line":57,"column":8}},"11":{"start":{"line":61,"column":24},"end":{"line":74,"column":3}},"12":{"start":{"line":62,"column":4},"end":{"line":73,"column":7}},"13":{"start":{"line":76,"column":24},"end":{"line":80,"column":3}},"14":{"start":{"line":79,"column":4},"end":{"line":79,"column":24}},"15":{"start":{"line":82,"column":25},"end":{"line":84,"column":3}},"16":{"start":{"line":83,"column":4},"end":{"line":83,"column":47}},"17":{"start":{"line":87,"column":15},"end":{"line":92,"column":2}}},"fnMap":{"0":{"name":"(anonymous_0)","decl":{"start":{"line":23,"column":23},"end":{"line":23,"column":24}},"loc":{"start":{"line":23,"column":35},"end":{"line":31,"column":3}},"line":23},"1":{"name":"(anonymous_1)","decl":{"start":{"line":33,"column":22},"end":{"line":33,"column":23}},"loc":{"start":{"line":33,"column":28},"end":{"line":37,"column":3}},"line":33},"2":{"name":"(anonymous_2)","decl":{"start":{"line":34,"column":50},"end":{"line":34,"column":51}},"loc":{"start":{"line":34,"column":61},"end":{"line":36,"column":5}},"line":34},"3":{"name":"(anonymous_3)","decl":{"start":{"line":39,"column":2},"end":{"line":39,"column":3}},"loc":{"start":{"line":39,"column":11},"end":{"line":59,"column":3}},"line":39},"4":{"name":"(anonymous_4)","decl":{"start":{"line":61,"column":24},"end":{"line":61,"column":25}},"loc":{"start":{"line":61,"column":36},"end":{"line":74,"column":3}},"line":61},"5":{"name":"(anonymous_5)","decl":{"start":{"line":76,"column":24},"end":{"line":76,"column":25}},"loc":{"start":{"line":76,"column":33},"end":{"line":80,"column":3}},"line":76},"6":{"name":"(anonymous_6)","decl":{"start":{"line":82,"column":25},"end":{"line":82,"column":26}},"loc":{"start":{"line":82,"column":31},"end":{"line":84,"column":3}},"line":82}},"branchMap":{"0":{"loc":{"start":{"line":41,"column":4},"end":{"line":58,"column":5}},"type":"if","locations":[{"start":{"line":41,"column":4},"end":{"line":58,"column":5}},{"start":{"line":41,"column":4},"end":{"line":58,"column":5}}],"line":41},"1":{"loc":{"start":{"line":41,"column":8},"end":{"line":41,"column":70}},"type":"binary-expr","locations":[{"start":{"line":41,"column":8},"end":{"line":41,"column":37}},{"start":{"line":41,"column":41},"end":{"line":41,"column":70}}],"line":41},"2":{"loc":{"start":{"line":53,"column":13},"end":{"line":53,"column":70}},"type":"binary-expr","locations":[{"start":{"line":53,"column":13},"end":{"line":53,"column":34}},{"start":{"line":53,"column":38},"end":{"line":53,"column":70}}],"line":53}},"s":{"0":1,"1":2,"2":2,"3":2,"4":2,"5":2,"6":0,"7":2,"8":2,"9":1,"10":1,"11":2,"12":0,"13":2,"14":0,"15":2,"16":0,"17":1},"f":{"0":2,"1":2,"2":0,"3":2,"4":0,"5":0,"6":0},"b":{"0":[1,1],"1":[2,2],"2":[1,1]},"_coverageSchema":"43e27e138ebf9cfc5966b082cf9a028302ed4184","hash":"a7bbbdc8328b74f2ce61180b3e9c9a158d5211ae"}
,"/Users/kabiribraheem/Documents/CodeLab-expo/codelab-expo/CodeLab/apollo/apollo.js": {"path":"/Users/kabiribraheem/Documents/CodeLab-expo/codelab-expo/CodeLab/apollo/apollo.js","statementMap":{"0":{"start":{"line":8,"column":25},"end":{"line":30,"column":1}},"1":{"start":{"line":9,"column":18},"end":{"line":11,"column":3}},"2":{"start":{"line":13,"column":18},"end":{"line":20,"column":3}},"3":{"start":{"line":14,"column":2},"end":{"line":19,"column":3}},"4":{"start":{"line":23,"column":15},"end":{"line":23,"column":34}},"5":{"start":{"line":25,"column":16},"end":{"line":28,"column":3}},"6":{"start":{"line":29,"column":1},"end":{"line":29,"column":15}}},"fnMap":{"0":{"name":"(anonymous_0)","decl":{"start":{"line":8,"column":25},"end":{"line":8,"column":26}},"loc":{"start":{"line":8,"column":36},"end":{"line":30,"column":1}},"line":8},"1":{"name":"(anonymous_1)","decl":{"start":{"line":13,"column":29},"end":{"line":13,"column":30}},"loc":{"start":{"line":13,"column":49},"end":{"line":20,"column":2}},"line":13}},"branchMap":{},"s":{"0":1,"1":2,"2":2,"3":0,"4":2,"5":2,"6":2},"f":{"0":2,"1":0},"b":{},"_coverageSchema":"43e27e138ebf9cfc5966b082cf9a028302ed4184","hash":"c8b324b2359e65b9a651e09f9704f660fa36ce91"}
,"/Users/kabiribraheem/Documents/CodeLab-expo/codelab-expo/CodeLab/assets/images/close.png": {"path":"/Users/kabiribraheem/Documents/CodeLab-expo/codelab-expo/CodeLab/assets/images/close.png","statementMap":{"0":{"start":{"line":1,"column":0},"end":{"line":1,"column":19}}},"fnMap":{},"branchMap":{},"s":{"0":1},"f":{},"b":{},"_coverageSchema":"43e27e138ebf9cfc5966b082cf9a028302ed4184","hash":"3cdd83214d9fdbbe523ca744d8e210f5df1ca4d0"}
,"/Users/kabiribraheem/Documents/CodeLab-expo/codelab-expo/CodeLab/assets/images/facebook.png": {"path":"/Users/kabiribraheem/Documents/CodeLab-expo/codelab-expo/CodeLab/assets/images/facebook.png","statementMap":{"0":{"start":{"line":1,"column":0},"end":{"line":1,"column":19}}},"fnMap":{},"branchMap":{},"s":{"0":1},"f":{},"b":{},"_coverageSchema":"43e27e138ebf9cfc5966b082cf9a028302ed4184","hash":"cbdb07eacbb1f681b4d308c0d3a70971f73a7d4b"}
,"/Users/kabiribraheem/Documents/CodeLab-expo/codelab-expo/CodeLab/assets/images/instagram.png": {"path":"/Users/kabiribraheem/Documents/CodeLab-expo/codelab-expo/CodeLab/assets/images/instagram.png","statementMap":{"0":{"start":{"line":1,"column":0},"end":{"line":1,"column":19}}},"fnMap":{},"branchMap":{},"s":{"0":1},"f":{},"b":{},"_coverageSchema":"43e27e138ebf9cfc5966b082cf9a028302ed4184","hash":"82db718b25701276371d486ef6b7dfef91c9af92"}
,"/Users/kabiribraheem/Documents/CodeLab-expo/codelab-expo/CodeLab/assets/images/robot-dev.png": {"path":"/Users/kabiribraheem/Documents/CodeLab-expo/codelab-expo/CodeLab/assets/images/robot-dev.png","statementMap":{"0":{"start":{"line":1,"column":0},"end":{"line":1,"column":19}}},"fnMap":{},"branchMap":{},"s":{"0":1},"f":{},"b":{},"_coverageSchema":"43e27e138ebf9cfc5966b082cf9a028302ed4184","hash":"5774c2d1e67fc931605a2d789f77cd0eb5a71eb6"}
,"/Users/kabiribraheem/Documents/CodeLab-expo/codelab-expo/CodeLab/assets/images/share-symbol.png": {"path":"/Users/kabiribraheem/Documents/CodeLab-expo/codelab-expo/CodeLab/assets/images/share-symbol.png","statementMap":{"0":{"start":{"line":1,"column":0},"end":{"line":1,"column":19}}},"fnMap":{},"branchMap":{},"s":{"0":1},"f":{},"b":{},"_coverageSchema":"43e27e138ebf9cfc5966b082cf9a028302ed4184","hash":"ad3c68b6a6c66d06eeafa708ddd893c6d3aff332"}
,"/Users/kabiribraheem/Documents/CodeLab-expo/codelab-expo/CodeLab/assets/images/share.png": {"path":"/Users/kabiribraheem/Documents/CodeLab-expo/codelab-expo/CodeLab/assets/images/share.png","statementMap":{"0":{"start":{"line":1,"column":0},"end":{"line":1,"column":19}}},"fnMap":{},"branchMap":{},"s":{"0":1},"f":{},"b":{},"_coverageSchema":"43e27e138ebf9cfc5966b082cf9a028302ed4184","hash":"3aa4c4f0a760f7efa5b8e9e4d12e50bc43f85b6b"}
,"/Users/kabiribraheem/Documents/CodeLab-expo/codelab-expo/CodeLab/assets/images/spinner2.gif": {"path":"/Users/kabiribraheem/Documents/CodeLab-expo/codelab-expo/CodeLab/assets/images/spinner2.gif","statementMap":{"0":{"start":{"line":1,"column":0},"end":{"line":1,"column":19}}},"fnMap":{},"branchMap":{},"s":{"0":1},"f":{},"b":{},"_coverageSchema":"43e27e138ebf9cfc5966b082cf9a028302ed4184","hash":"9746d5ac8697d991714bada5bc72d3a53b56ae18"}
,"/Users/kabiribraheem/Documents/CodeLab-expo/codelab-expo/CodeLab/assets/images/twiiter.png": {"path":"/Users/kabiribraheem/Documents/CodeLab-expo/codelab-expo/CodeLab/assets/images/twiiter.png","statementMap":{"0":{"start":{"line":1,"column":0},"end":{"line":1,"column":19}}},"fnMap":{},"branchMap":{},"s":{"0":1},"f":{},"b":{},"_coverageSchema":"43e27e138ebf9cfc5966b082cf9a028302ed4184","hash":"265e7b48d3baa0a395575f367877c93408c04dc7"}
,"/Users/kabiribraheem/Documents/CodeLab-expo/codelab-expo/CodeLab/assets/images/version.png": {"path":"/Users/kabiribraheem/Documents/CodeLab-expo/codelab-expo/CodeLab/assets/images/version.png","statementMap":{"0":{"start":{"line":1,"column":0},"end":{"line":1,"column":19}}},"fnMap":{},"branchMap":{},"s":{"0":1},"f":{},"b":{},"_coverageSchema":"43e27e138ebf9cfc5966b082cf9a028302ed4184","hash":"931dec958e3fa3323c8320b0e1b273c798f989d1"}
,"/Users/kabiribraheem/Documents/CodeLab-expo/codelab-expo/CodeLab/components/StyledText.js": {"path":"/Users/kabiribraheem/Documents/CodeLab-expo/codelab-expo/CodeLab/components/StyledText.js","statementMap":{"0":{"start":{"line":5,"column":2},"end":{"line":7,"column":4}}},"fnMap":{"0":{"name":"MonoText","decl":{"start":{"line":4,"column":16},"end":{"line":4,"column":24}},"loc":{"start":{"line":4,"column":32},"end":{"line":8,"column":1}},"line":4}},"branchMap":{},"s":{"0":1},"f":{"0":1},"b":{},"_coverageSchema":"43e27e138ebf9cfc5966b082cf9a028302ed4184","hash":"1f8d84c701cff158668423f04e07e7f908963b04"}
,"/Users/kabiribraheem/Documents/CodeLab-expo/codelab-expo/CodeLab/components/listComponent/List.js": {"path":"/Users/kabiribraheem/Documents/CodeLab-expo/codelab-expo/CodeLab/components/listComponent/List.js","statementMap":{"0":{"start":{"line":8,"column":9},"end":{"line":10,"column":2}},"1":{"start":{"line":13,"column":30},"end":{"line":13,"column":40}},"2":{"start":{"line":14,"column":2},"end":{"line":44,"column":4}},"3":{"start":{"line":22,"column":10},"end":{"line":37,"column":21}},"4":{"start":{"line":25,"column":26},"end":{"line":27,"column":13}}},"fnMap":{"0":{"name":"(anonymous_0)","decl":{"start":{"line":12,"column":1},"end":{"line":12,"column":2}},"loc":{"start":{"line":12,"column":10},"end":{"line":45,"column":2}},"line":12},"1":{"name":"(anonymous_1)","decl":{"start":{"line":21,"column":18},"end":{"line":21,"column":19}},"loc":{"start":{"line":22,"column":10},"end":{"line":37,"column":21}},"line":22},"2":{"name":"(anonymous_2)","decl":{"start":{"line":25,"column":20},"end":{"line":25,"column":21}},"loc":{"start":{"line":25,"column":26},"end":{"line":27,"column":13}},"line":25}},"branchMap":{"0":{"loc":{"start":{"line":17,"column":5},"end":{"line":41,"column":16}},"type":"binary-expr","locations":[{"start":{"line":17,"column":5},"end":{"line":17,"column":9}},{"start":{"line":18,"column":5},"end":{"line":41,"column":16}}],"line":17}},"s":{"0":2,"1":2,"2":2,"3":1,"4":1},"f":{"0":2,"1":1,"2":1},"b":{"0":[2,1]},"_coverageSchema":"43e27e138ebf9cfc5966b082cf9a028302ed4184","hash":"2406bc7631d4ab54558f61fb64bc46a16dbf7595"}
,"/Users/kabiribraheem/Documents/CodeLab-expo/codelab-expo/CodeLab/components/modalComponent/modal.js": {"path":"/Users/kabiribraheem/Documents/CodeLab-expo/codelab-expo/CodeLab/components/modalComponent/modal.js","statementMap":{"0":{"start":{"line":7,"column":2},"end":{"line":37,"column":4}},"1":{"start":{"line":24,"column":25},"end":{"line":24,"column":58}}},"fnMap":{"0":{"name":"(anonymous_0)","decl":{"start":{"line":6,"column":1},"end":{"line":6,"column":2}},"loc":{"start":{"line":6,"column":10},"end":{"line":38,"column":2}},"line":6},"1":{"name":"(anonymous_1)","decl":{"start":{"line":24,"column":19},"end":{"line":24,"column":20}},"loc":{"start":{"line":24,"column":25},"end":{"line":24,"column":58}},"line":24}},"branchMap":{},"s":{"0":2,"1":1},"f":{"0":2,"1":1},"b":{},"_coverageSchema":"43e27e138ebf9cfc5966b082cf9a028302ed4184","hash":"0d91b7c07cb74e01562ca3a98497cf6ac7674553"}
,"/Users/kabiribraheem/Documents/CodeLab-expo/codelab-expo/CodeLab/components/profileComponent/Profile.js": {"path":"/Users/kabiribraheem/Documents/CodeLab-expo/codelab-expo/CodeLab/components/profileComponent/Profile.js","statementMap":{"0":{"start":{"line":8,"column":28},"end":{"line":8,"column":38}},"1":{"start":{"line":9,"column":2},"end":{"line":109,"column":4}},"2":{"start":{"line":50,"column":52},"end":{"line":50,"column":95}},"3":{"start":{"line":113,"column":15},"end":{"line":141,"column":2}}},"fnMap":{"0":{"name":"(anonymous_0)","decl":{"start":{"line":7,"column":1},"end":{"line":7,"column":2}},"loc":{"start":{"line":7,"column":10},"end":{"line":110,"column":2}},"line":7},"1":{"name":"(anonymous_1)","decl":{"start":{"line":50,"column":46},"end":{"line":50,"column":47}},"loc":{"start":{"line":50,"column":52},"end":{"line":50,"column":95}},"line":50}},"branchMap":{},"s":{"0":2,"1":2,"2":1,"3":2},"f":{"0":2,"1":1},"b":{},"_coverageSchema":"43e27e138ebf9cfc5966b082cf9a028302ed4184","hash":"6d2d8da04b2838c23ee124df05487061f4c1378a"}
,"/Users/kabiribraheem/Documents/CodeLab-expo/codelab-expo/CodeLab/navigation/authScreen.js": {"path":"/Users/kabiribraheem/Documents/CodeLab-expo/codelab-expo/CodeLab/navigation/authScreen.js","statementMap":{"0":{"start":{"line":10,"column":26},"end":{"line":16,"column":1}},"1":{"start":{"line":20,"column":2},"end":{"line":20,"column":15}},"2":{"start":{"line":21,"column":2},"end":{"line":21,"column":14}},"3":{"start":{"line":23,"column":28},"end":{"line":29,"column":2}},"4":{"start":{"line":24,"column":2},"end":{"line":28,"column":3}},"5":{"start":{"line":30,"column":8},"end":{"line":34,"column":2}},"6":{"start":{"line":31,"column":17},"end":{"line":31,"column":58}},"7":{"start":{"line":32,"column":20},"end":{"line":32,"column":66}},"8":{"start":{"line":33,"column":2},"end":{"line":33,"column":81}},"9":{"start":{"line":38,"column":2},"end":{"line":41,"column":4}}},"fnMap":{"0":{"name":"(anonymous_0)","decl":{"start":{"line":19,"column":1},"end":{"line":19,"column":2}},"loc":{"start":{"line":19,"column":20},"end":{"line":22,"column":2}},"line":19},"1":{"name":"(anonymous_1)","decl":{"start":{"line":23,"column":28},"end":{"line":23,"column":29}},"loc":{"start":{"line":23,"column":48},"end":{"line":29,"column":2}},"line":23},"2":{"name":"(anonymous_2)","decl":{"start":{"line":30,"column":8},"end":{"line":30,"column":9}},"loc":{"start":{"line":30,"column":20},"end":{"line":34,"column":2}},"line":30},"3":{"name":"(anonymous_3)","decl":{"start":{"line":37,"column":1},"end":{"line":37,"column":2}},"loc":{"start":{"line":37,"column":10},"end":{"line":42,"column":2}},"line":37}},"branchMap":{"0":{"loc":{"start":{"line":31,"column":17},"end":{"line":31,"column":58}},"type":"binary-expr","locations":[{"start":{"line":31,"column":17},"end":{"line":31,"column":50}},{"start":{"line":31,"column":54},"end":{"line":31,"column":58}}],"line":31},"1":{"loc":{"start":{"line":33,"column":33},"end":{"line":33,"column":60}},"type":"cond-expr","locations":[{"start":{"line":33,"column":45},"end":{"line":33,"column":51}},{"start":{"line":33,"column":54},"end":{"line":33,"column":60}}],"line":33}},"s":{"0":1,"1":0,"2":0,"3":1,"4":0,"5":0,"6":0,"7":0,"8":0,"9":0},"f":{"0":0,"1":0,"2":0,"3":0},"b":{"0":[0,0],"1":[0,0]},"_coverageSchema":"43e27e138ebf9cfc5966b082cf9a028302ed4184","hash":"1d76c8ce49dbe2c2b2d6a3b2b9cf71b4ef0efcf3"}
,"/Users/kabiribraheem/Documents/CodeLab-expo/codelab-expo/CodeLab/screens/Home/HomeScreen.js": {"path":"/Users/kabiribraheem/Documents/CodeLab-expo/codelab-expo/CodeLab/screens/Home/HomeScreen.js","statementMap":{"0":{"start":{"line":9,"column":26},"end":{"line":15,"column":1}},"1":{"start":{"line":20,"column":2},"end":{"line":24,"column":4}},"2":{"start":{"line":30,"column":28},"end":{"line":36,"column":2}},"3":{"start":{"line":38,"column":9},"end":{"line":40,"column":2}},"4":{"start":{"line":43,"column":2},"end":{"line":43,"column":31}},"5":{"start":{"line":44,"column":2},"end":{"line":57,"column":3}},"6":{"start":{"line":45,"column":19},"end":{"line":45,"column":46}},"7":{"start":{"line":46,"column":5},"end":{"line":46,"column":59}},"8":{"start":{"line":47,"column":20},"end":{"line":47,"column":55}},"9":{"start":{"line":48,"column":5},"end":{"line":54,"column":5}},"10":{"start":{"line":49,"column":6},"end":{"line":51,"column":7}},"11":{"start":{"line":52,"column":5},"end":{"line":52,"column":35}},"12":{"start":{"line":53,"column":5},"end":{"line":53,"column":18}},"13":{"start":{"line":56,"column":3},"end":{"line":56,"column":17}},"14":{"start":{"line":61,"column":2},"end":{"line":90,"column":4}},"15":{"start":{"line":72,"column":19},"end":{"line":72,"column":37}},"16":{"start":{"line":94,"column":15},"end":{"line":117,"column":2}}},"fnMap":{"0":{"name":"(anonymous_0)","decl":{"start":{"line":19,"column":1},"end":{"line":19,"column":2}},"loc":{"start":{"line":19,"column":10},"end":{"line":25,"column":2}},"line":19},"1":{"name":"(anonymous_1)","decl":{"start":{"line":42,"column":1},"end":{"line":42,"column":2}},"loc":{"start":{"line":42,"column":21},"end":{"line":58,"column":2}},"line":42},"2":{"name":"(anonymous_2)","decl":{"start":{"line":60,"column":1},"end":{"line":60,"column":2}},"loc":{"start":{"line":60,"column":10},"end":{"line":91,"column":2}},"line":60},"3":{"name":"(anonymous_3)","decl":{"start":{"line":72,"column":15},"end":{"line":72,"column":16}},"loc":{"start":{"line":72,"column":19},"end":{"line":72,"column":37}},"line":72}},"branchMap":{"0":{"loc":{"start":{"line":47,"column":20},"end":{"line":47,"column":55}},"type":"binary-expr","locations":[{"start":{"line":47,"column":20},"end":{"line":47,"column":47}},{"start":{"line":47,"column":51},"end":{"line":47,"column":55}}],"line":47},"1":{"loc":{"start":{"line":48,"column":5},"end":{"line":54,"column":5}},"type":"if","locations":[{"start":{"line":48,"column":5},"end":{"line":54,"column":5}},{"start":{"line":48,"column":5},"end":{"line":54,"column":5}}],"line":48},"2":{"loc":{"start":{"line":82,"column":7},"end":{"line":85,"column":14}},"type":"binary-expr","locations":[{"start":{"line":82,"column":7},"end":{"line":82,"column":25}},{"start":{"line":83,"column":10},"end":{"line":85,"column":14}}],"line":82}},"s":{"0":1,"1":0,"2":1,"3":1,"4":1,"5":1,"6":1,"7":0,"8":0,"9":0,"10":0,"11":0,"12":0,"13":1,"14":4,"15":1,"16":1},"f":{"0":0,"1":1,"2":4,"3":1},"b":{"0":[0,0],"1":[0,0],"2":[4,1]},"_coverageSchema":"43e27e138ebf9cfc5966b082cf9a028302ed4184","hash":"790cac0b9269420cbed098c40577f246ba5d7470"}
,"/Users/kabiribraheem/Documents/CodeLab-expo/codelab-expo/CodeLab/screens/List/ListScreen.js": {"path":"/Users/kabiribraheem/Documents/CodeLab-expo/codelab-expo/CodeLab/screens/List/ListScreen.js","statementMap":{"0":{"start":{"line":9,"column":30},"end":{"line":40,"column":1}},"1":{"start":{"line":44,"column":29},"end":{"line":79,"column":3}},"2":{"start":{"line":45,"column":17},"end":{"line":45,"column":63}},"3":{"start":{"line":46,"column":19},"end":{"line":46,"column":48}},"4":{"start":{"line":47,"column":4},"end":{"line":49,"column":5}},"5":{"start":{"line":48,"column":6},"end":{"line":48,"column":31}},"6":{"start":{"line":50,"column":29},"end":{"line":50,"column":68}},"7":{"start":{"line":51,"column":20},"end":{"line":51,"column":50}},"8":{"start":{"line":52,"column":4},"end":{"line":78,"column":5}},"9":{"start":{"line":63,"column":43},"end":{"line":63,"column":65}},"10":{"start":{"line":69,"column":25},"end":{"line":69,"column":34}},"11":{"start":{"line":81,"column":10},"end":{"line":86,"column":3}},"12":{"start":{"line":89,"column":20},"end":{"line":91,"column":3}},"13":{"start":{"line":90,"column":4},"end":{"line":90,"column":45}},"14":{"start":{"line":93,"column":13},"end":{"line":100,"column":3}},"15":{"start":{"line":94,"column":4},"end":{"line":99,"column":5}},"16":{"start":{"line":95,"column":6},"end":{"line":95,"column":55}},"17":{"start":{"line":96,"column":6},"end":{"line":96,"column":44}},"18":{"start":{"line":98,"column":6},"end":{"line":98,"column":26}},"19":{"start":{"line":102,"column":18},"end":{"line":115,"column":3}},"20":{"start":{"line":103,"column":4},"end":{"line":114,"column":6}},"21":{"start":{"line":107,"column":42},"end":{"line":107,"column":57}},"22":{"start":{"line":118,"column":4},"end":{"line":118,"column":107}},"23":{"start":{"line":123,"column":4},"end":{"line":127,"column":5}},"24":{"start":{"line":124,"column":6},"end":{"line":126,"column":7}},"25":{"start":{"line":125,"column":8},"end":{"line":125,"column":67}},"26":{"start":{"line":131,"column":23},"end":{"line":131,"column":57}},"27":{"start":{"line":132,"column":19},"end":{"line":132,"column":74}},"28":{"start":{"line":132,"column":44},"end":{"line":132,"column":73}},"29":{"start":{"line":133,"column":4},"end":{"line":135,"column":6}},"30":{"start":{"line":138,"column":15},"end":{"line":147,"column":3}},"31":{"start":{"line":139,"column":4},"end":{"line":139,"column":40}},"32":{"start":{"line":140,"column":4},"end":{"line":146,"column":5}},"33":{"start":{"line":141,"column":6},"end":{"line":141,"column":43}},"34":{"start":{"line":142,"column":6},"end":{"line":142,"column":84}},"35":{"start":{"line":144,"column":6},"end":{"line":144,"column":41}},"36":{"start":{"line":145,"column":6},"end":{"line":145,"column":20}},"37":{"start":{"line":150,"column":25},"end":{"line":150,"column":46}},"38":{"start":{"line":151,"column":4},"end":{"line":225,"column":6}},"39":{"start":{"line":160,"column":29},"end":{"line":160,"column":46}},"40":{"start":{"line":208,"column":20},"end":{"line":208,"column":67}},"41":{"start":{"line":217,"column":42},"end":{"line":217,"column":59}},"42":{"start":{"line":233,"column":15},"end":{"line":261,"column":2}}},"fnMap":{"0":{"name":"(anonymous_0)","decl":{"start":{"line":44,"column":29},"end":{"line":44,"column":30}},"loc":{"start":{"line":44,"column":49},"end":{"line":79,"column":3}},"line":44},"1":{"name":"(anonymous_1)","decl":{"start":{"line":63,"column":37},"end":{"line":63,"column":38}},"loc":{"start":{"line":63,"column":43},"end":{"line":63,"column":65}},"line":63},"2":{"name":"(anonymous_2)","decl":{"start":{"line":69,"column":19},"end":{"line":69,"column":20}},"loc":{"start":{"line":69,"column":25},"end":{"line":69,"column":34}},"line":69},"3":{"name":"(anonymous_3)","decl":{"start":{"line":89,"column":20},"end":{"line":89,"column":21}},"loc":{"start":{"line":89,"column":33},"end":{"line":91,"column":3}},"line":89},"4":{"name":"(anonymous_4)","decl":{"start":{"line":93,"column":13},"end":{"line":93,"column":14}},"loc":{"start":{"line":93,"column":25},"end":{"line":100,"column":3}},"line":93},"5":{"name":"(anonymous_5)","decl":{"start":{"line":102,"column":18},"end":{"line":102,"column":19}},"loc":{"start":{"line":102,"column":30},"end":{"line":115,"column":3}},"line":102},"6":{"name":"(anonymous_6)","decl":{"start":{"line":107,"column":36},"end":{"line":107,"column":37}},"loc":{"start":{"line":107,"column":42},"end":{"line":107,"column":57}},"line":107},"7":{"name":"(anonymous_7)","decl":{"start":{"line":117,"column":2},"end":{"line":117,"column":3}},"loc":{"start":{"line":117,"column":22},"end":{"line":119,"column":3}},"line":117},"8":{"name":"(anonymous_8)","decl":{"start":{"line":121,"column":2},"end":{"line":121,"column":3}},"loc":{"start":{"line":121,"column":31},"end":{"line":128,"column":3}},"line":121},"9":{"name":"(anonymous_9)","decl":{"start":{"line":130,"column":2},"end":{"line":130,"column":3}},"loc":{"start":{"line":130,"column":14},"end":{"line":136,"column":3}},"line":130},"10":{"name":"(anonymous_10)","decl":{"start":{"line":132,"column":37},"end":{"line":132,"column":38}},"loc":{"start":{"line":132,"column":44},"end":{"line":132,"column":73}},"line":132},"11":{"name":"(anonymous_11)","decl":{"start":{"line":138,"column":15},"end":{"line":138,"column":16}},"loc":{"start":{"line":138,"column":28},"end":{"line":147,"column":3}},"line":138},"12":{"name":"(anonymous_12)","decl":{"start":{"line":149,"column":2},"end":{"line":149,"column":3}},"loc":{"start":{"line":149,"column":10},"end":{"line":226,"column":3}},"line":149},"13":{"name":"(anonymous_13)","decl":{"start":{"line":160,"column":25},"end":{"line":160,"column":26}},"loc":{"start":{"line":160,"column":29},"end":{"line":160,"column":46}},"line":160},"14":{"name":"(anonymous_14)","decl":{"start":{"line":207,"column":27},"end":{"line":207,"column":28}},"loc":{"start":{"line":207,"column":33},"end":{"line":209,"column":19}},"line":207},"15":{"name":"(anonymous_15)","decl":{"start":{"line":217,"column":32},"end":{"line":217,"column":33}},"loc":{"start":{"line":217,"column":42},"end":{"line":217,"column":59}},"line":217}},"branchMap":{"0":{"loc":{"start":{"line":47,"column":4},"end":{"line":49,"column":5}},"type":"if","locations":[{"start":{"line":47,"column":4},"end":{"line":49,"column":5}},{"start":{"line":47,"column":4},"end":{"line":49,"column":5}}],"line":47},"1":{"loc":{"start":{"line":123,"column":4},"end":{"line":127,"column":5}},"type":"if","locations":[{"start":{"line":123,"column":4},"end":{"line":127,"column":5}},{"start":{"line":123,"column":4},"end":{"line":127,"column":5}}],"line":123},"2":{"loc":{"start":{"line":124,"column":6},"end":{"line":126,"column":7}},"type":"if","locations":[{"start":{"line":124,"column":6},"end":{"line":126,"column":7}},{"start":{"line":124,"column":6},"end":{"line":126,"column":7}}],"line":124},"3":{"loc":{"start":{"line":165,"column":12},"end":{"line":169,"column":109}},"type":"cond-expr","locations":[{"start":{"line":166,"column":16},"end":{"line":166,"column":136}},{"start":{"line":167,"column":18},"end":{"line":169,"column":109}}],"line":165},"4":{"loc":{"start":{"line":167,"column":18},"end":{"line":169,"column":109}},"type":"cond-expr","locations":[{"start":{"line":168,"column":18},"end":{"line":168,"column":149}},{"start":{"line":169,"column":16},"end":{"line":169,"column":109}}],"line":167}},"s":{"0":1,"1":1,"2":0,"3":0,"4":0,"5":0,"6":0,"7":0,"8":0,"9":0,"10":0,"11":0,"12":0,"13":0,"14":0,"15":0,"16":0,"17":0,"18":0,"19":0,"20":0,"21":0,"22":0,"23":0,"24":0,"25":0,"26":0,"27":0,"28":0,"29":0,"30":0,"31":0,"32":0,"33":0,"34":0,"35":0,"36":0,"37":0,"38":0,"39":0,"40":0,"41":0,"42":1},"f":{"0":0,"1":0,"2":0,"3":0,"4":0,"5":0,"6":0,"7":0,"8":0,"9":0,"10":0,"11":0,"12":0,"13":0,"14":0,"15":0},"b":{"0":[0,0],"1":[0,0],"2":[0,0],"3":[0,0],"4":[0,0]},"_coverageSchema":"43e27e138ebf9cfc5966b082cf9a028302ed4184","hash":"640d76933992ba42c853b593a747a07281dc4b51"}
,"/Users/kabiribraheem/Documents/CodeLab-expo/codelab-expo/CodeLab/screens/Profile/ProfileScreen.js": {"path":"/Users/kabiribraheem/Documents/CodeLab-expo/codelab-expo/CodeLab/screens/Profile/ProfileScreen.js","statementMap":{"0":{"start":{"line":7,"column":10},"end":{"line":9,"column":3}},"1":{"start":{"line":11,"column":12},"end":{"line":30,"column":3}},"2":{"start":{"line":12,"column":4},"end":{"line":29,"column":5}},"3":{"start":{"line":13,"column":21},"end":{"line":16,"column":8}},"4":{"start":{"line":18,"column":6},"end":{"line":26,"column":7}},"5":{"start":{"line":19,"column":8},"end":{"line":23,"column":9}},"6":{"start":{"line":24,"column":13},"end":{"line":26,"column":7}},"7":{"start":{"line":28,"column":6},"end":{"line":28,"column":27}},"8":{"start":{"line":32,"column":29},"end":{"line":56,"column":3}},"9":{"start":{"line":33,"column":17},"end":{"line":33,"column":56}},"10":{"start":{"line":34,"column":17},"end":{"line":34,"column":45}},"11":{"start":{"line":36,"column":4},"end":{"line":55,"column":7}},"12":{"start":{"line":44,"column":45},"end":{"line":44,"column":52}},"13":{"start":{"line":59,"column":20},"end":{"line":61,"column":3}},"14":{"start":{"line":60,"column":4},"end":{"line":60,"column":45}},"15":{"start":{"line":64,"column":4},"end":{"line":64,"column":100}},"16":{"start":{"line":68,"column":23},"end":{"line":68,"column":44}},"17":{"start":{"line":69,"column":17},"end":{"line":69,"column":55}},"18":{"start":{"line":70,"column":4},"end":{"line":75,"column":6}}},"fnMap":{"0":{"name":"(anonymous_0)","decl":{"start":{"line":11,"column":12},"end":{"line":11,"column":13}},"loc":{"start":{"line":11,"column":24},"end":{"line":30,"column":3}},"line":11},"1":{"name":"(anonymous_1)","decl":{"start":{"line":32,"column":29},"end":{"line":32,"column":30}},"loc":{"start":{"line":32,"column":47},"end":{"line":56,"column":3}},"line":32},"2":{"name":"(anonymous_2)","decl":{"start":{"line":44,"column":39},"end":{"line":44,"column":40}},"loc":{"start":{"line":44,"column":45},"end":{"line":44,"column":52}},"line":44},"3":{"name":"(anonymous_3)","decl":{"start":{"line":59,"column":20},"end":{"line":59,"column":21}},"loc":{"start":{"line":59,"column":33},"end":{"line":61,"column":3}},"line":59},"4":{"name":"(anonymous_4)","decl":{"start":{"line":63,"column":2},"end":{"line":63,"column":3}},"loc":{"start":{"line":63,"column":23},"end":{"line":65,"column":3}},"line":63},"5":{"name":"(anonymous_5)","decl":{"start":{"line":67,"column":2},"end":{"line":67,"column":3}},"loc":{"start":{"line":67,"column":10},"end":{"line":76,"column":3}},"line":67}},"branchMap":{"0":{"loc":{"start":{"line":18,"column":6},"end":{"line":26,"column":7}},"type":"if","locations":[{"start":{"line":18,"column":6},"end":{"line":26,"column":7}},{"start":{"line":18,"column":6},"end":{"line":26,"column":7}}],"line":18},"1":{"loc":{"start":{"line":19,"column":8},"end":{"line":23,"column":9}},"type":"if","locations":[{"start":{"line":19,"column":8},"end":{"line":23,"column":9}},{"start":{"line":19,"column":8},"end":{"line":23,"column":9}}],"line":19},"2":{"loc":{"start":{"line":24,"column":13},"end":{"line":26,"column":7}},"type":"if","locations":[{"start":{"line":24,"column":13},"end":{"line":26,"column":7}},{"start":{"line":24,"column":13},"end":{"line":26,"column":7}}],"line":24}},"s":{"0":3,"1":3,"2":0,"3":0,"4":0,"5":0,"6":0,"7":0,"8":1,"9":1,"10":1,"11":1,"12":1,"13":3,"14":1,"15":3,"16":4,"17":4,"18":4},"f":{"0":0,"1":1,"2":1,"3":1,"4":3,"5":4},"b":{"0":[0,0],"1":[0,0],"2":[0,0]},"_coverageSchema":"43e27e138ebf9cfc5966b082cf9a028302ed4184","hash":"91145c37a76cd29b1c1ef0ecfbd8564923e80c46"}
,"/Users/kabiribraheem/Documents/CodeLab-expo/codelab-expo/CodeLab/utils/githubAuth.js": {"path":"/Users/kabiribraheem/Documents/CodeLab-expo/codelab-expo/CodeLab/utils/githubAuth.js","statementMap":{"0":{"start":{"line":3,"column":21},"end":{"line":3,"column":49}},"1":{"start":{"line":4,"column":15},"end":{"line":7,"column":1}},"2":{"start":{"line":9,"column":21},"end":{"line":19,"column":1}},"3":{"start":{"line":23,"column":1},"end":{"line":28,"column":3}},"4":{"start":{"line":33,"column":2},"end":{"line":36,"column":17}},"5":{"start":{"line":38,"column":13},"end":{"line":44,"column":3}},"6":{"start":{"line":45,"column":1},"end":{"line":45,"column":19}},"7":{"start":{"line":49,"column":1},"end":{"line":68,"column":2}},"8":{"start":{"line":50,"column":27},"end":{"line":53,"column":4}},"9":{"start":{"line":54,"column":2},"end":{"line":62,"column":3}},"10":{"start":{"line":55,"column":51},"end":{"line":55,"column":57}},"11":{"start":{"line":56,"column":3},"end":{"line":60,"column":4}},"12":{"start":{"line":57,"column":4},"end":{"line":59,"column":6}},"13":{"start":{"line":61,"column":3},"end":{"line":61,"column":65}},"14":{"start":{"line":63,"column":46},"end":{"line":63,"column":84}},"15":{"start":{"line":64,"column":2},"end":{"line":64,"column":22}},"16":{"start":{"line":67,"column":2},"end":{"line":67,"column":45}}},"fnMap":{"0":{"name":"authUrlWithId","decl":{"start":{"line":21,"column":9},"end":{"line":21,"column":22}},"loc":{"start":{"line":21,"column":35},"end":{"line":29,"column":1}},"line":21},"1":{"name":"createTokenWithCode","decl":{"start":{"line":31,"column":15},"end":{"line":31,"column":34}},"loc":{"start":{"line":31,"column":41},"end":{"line":46,"column":1}},"line":31},"2":{"name":"getGithubTokenAsync","decl":{"start":{"line":48,"column":15},"end":{"line":48,"column":34}},"loc":{"start":{"line":48,"column":37},"end":{"line":69,"column":1}},"line":48}},"branchMap":{"0":{"loc":{"start":{"line":54,"column":2},"end":{"line":62,"column":3}},"type":"if","locations":[{"start":{"line":54,"column":2},"end":{"line":62,"column":3}},{"start":{"line":54,"column":2},"end":{"line":62,"column":3}}],"line":54},"1":{"loc":{"start":{"line":56,"column":3},"end":{"line":60,"column":4}},"type":"if","locations":[{"start":{"line":56,"column":3},"end":{"line":60,"column":4}},{"start":{"line":56,"column":3},"end":{"line":60,"column":4}}],"line":56}},"s":{"0":1,"1":1,"2":1,"3":1,"4":0,"5":0,"6":0,"7":1,"8":1,"9":0,"10":0,"11":0,"12":0,"13":0,"14":0,"15":0,"16":1},"f":{"0":1,"1":0,"2":1},"b":{"0":[0,0],"1":[0,0]},"_coverageSchema":"43e27e138ebf9cfc5966b082cf9a028302ed4184","hash":"bea6e513180e16899286a97208b63a4f2d503ef6"}
}
