TN:
SF:/Users/kabiribraheem/Documents/CodeLab-expo/codelab-expo/CodeLab/App.js
FN:16,(anonymous_0)
FN:25,(anonymous_1)
FN:44,(anonymous_2)
FN:60,(anonymous_3)
FN:66,(anonymous_4)
FNF:5
FNH:2
FNDA:2,(anonymous_0)
FNDA:2,(anonymous_1)
FNDA:0,(anonymous_2)
FNDA:0,(anonymous_3)
FNDA:0,(anonymous_4)
DA:11,2
DA:16,2
DA:17,2
DA:26,2
DA:27,1
DA:35,1
DA:44,2
DA:45,0
DA:60,2
DA:63,0
DA:66,2
DA:67,0
DA:71,1
LF:13
LH:10
BRDA:26,0,0,1
BRDA:26,0,1,1
BRDA:26,1,0,2
BRDA:26,1,1,2
BRDA:37,2,0,1
BRDA:37,2,1,1
BRF:6
BRH:6
end_of_record
TN:
SF:/Users/kabiribraheem/Documents/CodeLab-expo/codelab-expo/CodeLab/assets/images/avatar.jpg
FNF:0
FNH:0
DA:1,1
LF:1
LH:1
BRF:0
BRH:0
end_of_record
TN:
SF:/Users/kabiribraheem/Documents/CodeLab-expo/codelab-expo/CodeLab/assets/images/facebook.png
FNF:0
FNH:0
DA:1,1
LF:1
LH:1
BRF:0
BRH:0
end_of_record
TN:
SF:/Users/kabiribraheem/Documents/CodeLab-expo/codelab-expo/CodeLab/assets/images/instagram.png
FNF:0
FNH:0
DA:1,1
LF:1
LH:1
BRF:0
BRH:0
end_of_record
TN:
SF:/Users/kabiribraheem/Documents/CodeLab-expo/codelab-expo/CodeLab/assets/images/robot-dev.png
FNF:0
FNH:0
DA:1,1
LF:1
LH:1
BRF:0
BRH:0
end_of_record
TN:
SF:/Users/kabiribraheem/Documents/CodeLab-expo/codelab-expo/CodeLab/assets/images/twiiter.png
FNF:0
FNH:0
DA:1,1
LF:1
LH:1
BRF:0
BRH:0
end_of_record
TN:
SF:/Users/kabiribraheem/Documents/CodeLab-expo/codelab-expo/CodeLab/components/StyledText.js
FN:4,MonoText
FNF:1
FNH:1
FNDA:1,MonoText
DA:5,1
LF:1
LH:1
BRF:0
BRH:0
end_of_record
TN:
SF:/Users/kabiribraheem/Documents/CodeLab-expo/codelab-expo/CodeLab/components/listComponent/List.js
FN:8,(anonymous_0)
FN:17,(anonymous_1)
FNF:2
FNH:1
FNDA:1,(anonymous_0)
FNDA:0,(anonymous_1)
DA:9,1
DA:10,1
DA:17,0
LF:3
LH:2
BRF:0
BRH:0
end_of_record
TN:
SF:/Users/kabiribraheem/Documents/CodeLab-expo/codelab-expo/CodeLab/components/modalComponent/modal.js
FN:8,(anonymous_0)
FN:19,(anonymous_1)
FNF:2
FNH:1
FNDA:1,(anonymous_0)
FNDA:0,(anonymous_1)
DA:9,1
DA:19,0
LF:2
LH:1
BRF:0
BRH:0
end_of_record
TN:
SF:/Users/kabiribraheem/Documents/CodeLab-expo/codelab-expo/CodeLab/components/profileComponent/Profile.js
FN:5,(anonymous_0)
FNF:1
FNH:1
FNDA:1,(anonymous_0)
DA:6,1
DA:113,2
LF:2
LH:2
BRF:0
BRH:0
end_of_record
TN:
SF:/Users/kabiribraheem/Documents/CodeLab-expo/codelab-expo/CodeLab/screens/Home/HomeScreen.js
FN:6,(anonymous_0)
FN:22,(anonymous_1)
FN:40,(anonymous_2)
FNF:3
FNH:1
FNDA:0,(anonymous_0)
FNDA:1,(anonymous_1)
FNDA:0,(anonymous_2)
DA:7,0
DA:15,1
DA:23,1
DA:24,0
DA:40,0
DA:54,1
LF:6
LH:3
BRF:0
BRH:0
end_of_record
TN:
SF:/Users/kabiribraheem/Documents/CodeLab-expo/codelab-expo/CodeLab/screens/List/ListScreen.js
FN:9,(anonymous_0)
FN:26,(anonymous_1)
FN:36,(anonymous_2)
FN:40,(anonymous_3)
FN:46,(anonymous_4)
FN:54,(anonymous_5)
FN:87,(anonymous_6)
FNF:7
FNH:1
FNDA:0,(anonymous_0)
FNDA:0,(anonymous_1)
FNDA:0,(anonymous_2)
FNDA:1,(anonymous_3)
FNDA:0,(anonymous_4)
FNDA:0,(anonymous_5)
FNDA:0,(anonymous_6)
DA:9,1
DA:10,0
DA:11,0
DA:26,0
DA:32,1
DA:36,1
DA:37,0
DA:41,1
DA:47,0
DA:48,0
DA:55,0
DA:88,0
DA:111,1
LF:13
LH:5
BRF:0
BRH:0
end_of_record
TN:
SF:/Users/kabiribraheem/Documents/CodeLab-expo/codelab-expo/CodeLab/screens/Profile/ProfileScreen.js
FN:11,(anonymous_0)
FN:22,(anonymous_1)
FN:34,(anonymous_2)
FN:38,(anonymous_3)
FN:42,(anonymous_4)
FNF:5
FNH:1
FNDA:0,(anonymous_0)
FNDA:0,(anonymous_1)
FNDA:0,(anonymous_2)
FNDA:1,(anonymous_3)
FNDA:0,(anonymous_4)
DA:7,1
DA:11,1
DA:12,0
DA:13,0
DA:22,0
DA:34,1
DA:35,0
DA:39,1
DA:43,0
LF:9
LH:4
BRF:0
BRH:0
end_of_record
