TN:
SF:/Users/kabiribraheem/Documents/CodeLab-expo/codelab-expo/CodeLab/App.js
FN:23,(anonymous_0)
FN:32,(anonymous_1)
FN:33,(anonymous_2)
FN:38,(anonymous_3)
FN:60,(anonymous_4)
FN:75,(anonymous_5)
FN:81,(anonymous_6)
FNF:7
FNH:2
FNDA:2,(anonymous_0)
FNDA:0,(anonymous_1)
FNDA:0,(anonymous_2)
FNDA:2,(anonymous_3)
FNDA:0,(anonymous_4)
FNDA:0,(anonymous_5)
FNDA:0,(anonymous_6)
DA:16,2
DA:23,2
DA:24,2
DA:32,2
DA:33,0
DA:34,0
DA:39,2
DA:40,0
DA:41,0
DA:49,0
DA:60,2
DA:61,0
DA:75,2
DA:78,0
DA:81,2
DA:82,0
DA:86,1
LF:17
LH:9
BRDA:40,0,0,0
BRDA:40,0,1,0
BRDA:40,1,0,0
BRDA:40,1,1,0
BRDA:52,2,0,0
BRDA:52,2,1,0
BRF:6
BRH:0
end_of_record
TN:
SF:/Users/kabiribraheem/Documents/CodeLab-expo/codelab-expo/CodeLab/apollo.js
FN:7,(anonymous_0)
FN:12,(anonymous_1)
FNF:2
FNH:1
FNDA:2,(anonymous_0)
FNDA:0,(anonymous_1)
DA:7,1
DA:8,2
DA:12,0
DA:13,0
DA:22,0
DA:24,0
DA:28,0
LF:7
LH:2
BRF:0
BRH:0
end_of_record
TN:
SF:/Users/kabiribraheem/Documents/CodeLab-expo/codelab-expo/CodeLab/assets/images/close.png
FNF:0
FNH:0
DA:1,1
LF:1
LH:1
BRF:0
BRH:0
end_of_record
TN:
SF:/Users/kabiribraheem/Documents/CodeLab-expo/codelab-expo/CodeLab/assets/images/facebook.png
FNF:0
FNH:0
DA:1,1
LF:1
LH:1
BRF:0
BRH:0
end_of_record
TN:
SF:/Users/kabiribraheem/Documents/CodeLab-expo/codelab-expo/CodeLab/assets/images/instagram.png
FNF:0
FNH:0
DA:1,1
LF:1
LH:1
BRF:0
BRH:0
end_of_record
TN:
SF:/Users/kabiribraheem/Documents/CodeLab-expo/codelab-expo/CodeLab/assets/images/twiiter.png
FNF:0
FNH:0
DA:1,1
LF:1
LH:1
BRF:0
BRH:0
end_of_record
TN:
SF:/Users/kabiribraheem/Documents/CodeLab-expo/codelab-expo/CodeLab/components/StyledText.js
FN:4,MonoText
FNF:1
FNH:1
FNDA:1,MonoText
DA:5,1
LF:1
LH:1
BRF:0
BRH:0
end_of_record
TN:
SF:/Users/kabiribraheem/Documents/CodeLab-expo/codelab-expo/CodeLab/components/listComponent/List.js
FN:12,(anonymous_0)
FN:21,(anonymous_1)
FN:25,(anonymous_2)
FNF:3
FNH:1
FNDA:1,(anonymous_0)
FNDA:0,(anonymous_1)
FNDA:0,(anonymous_2)
DA:8,1
DA:13,1
DA:14,1
DA:22,0
DA:25,0
LF:5
LH:3
BRDA:17,0,0,1
BRDA:17,0,1,0
BRF:2
BRH:1
end_of_record
TN:
SF:/Users/kabiribraheem/Documents/CodeLab-expo/codelab-expo/CodeLab/components/modalComponent/modal.js
FN:6,(anonymous_0)
FN:23,(anonymous_1)
FNF:2
FNH:1
FNDA:1,(anonymous_0)
FNDA:0,(anonymous_1)
DA:7,1
DA:23,0
LF:2
LH:1
BRF:0
BRH:0
end_of_record
TN:
SF:/Users/kabiribraheem/Documents/CodeLab-expo/codelab-expo/CodeLab/components/profileComponent/Profile.js
FN:6,(anonymous_0)
FN:51,(anonymous_1)
FNF:2
FNH:1
FNDA:1,(anonymous_0)
FNDA:0,(anonymous_1)
DA:7,1
DA:8,1
DA:51,0
DA:115,2
LF:4
LH:3
BRF:0
BRH:0
end_of_record
TN:
SF:/Users/kabiribraheem/Documents/CodeLab-expo/codelab-expo/CodeLab/screens/List/ListScreen.js
FN:43,(anonymous_0)
FN:62,(anonymous_1)
FN:69,(anonymous_2)
FN:90,(anonymous_3)
FN:94,(anonymous_4)
FN:104,(anonymous_5)
FN:108,(anonymous_6)
FN:117,(anonymous_7)
FN:119,(anonymous_8)
FN:125,(anonymous_9)
FN:176,(anonymous_10)
FN:186,(anonymous_11)
FNF:12
FNH:0
FNDA:0,(anonymous_0)
FNDA:0,(anonymous_1)
FNDA:0,(anonymous_2)
FNDA:0,(anonymous_3)
FNDA:0,(anonymous_4)
FNDA:0,(anonymous_5)
FNDA:0,(anonymous_6)
FNDA:0,(anonymous_7)
FNDA:0,(anonymous_8)
FNDA:0,(anonymous_9)
FNDA:0,(anonymous_10)
FNDA:0,(anonymous_11)
DA:9,1
DA:43,1
DA:44,0
DA:45,0
DA:46,0
DA:47,0
DA:49,0
DA:50,0
DA:51,0
DA:62,0
DA:69,0
DA:83,0
DA:90,0
DA:91,0
DA:94,0
DA:95,0
DA:96,0
DA:97,0
DA:100,0
DA:105,0
DA:110,0
DA:111,0
DA:112,0
DA:118,0
DA:119,0
DA:120,0
DA:126,0
DA:127,0
DA:177,0
DA:186,0
DA:205,1
LF:31
LH:3
BRDA:46,0,0,0
BRDA:46,0,1,0
BRDA:110,1,0,0
BRDA:110,1,1,0
BRDA:111,2,0,0
BRDA:111,2,1,0
BRDA:134,3,0,0
BRDA:134,3,1,0
BRDA:136,4,0,0
BRDA:136,4,1,0
BRF:10
BRH:0
end_of_record
TN:
SF:/Users/kabiribraheem/Documents/CodeLab-expo/codelab-expo/CodeLab/screens/Profile/ProfileScreen.js
FN:10,(anonymous_0)
FN:21,(anonymous_1)
FN:35,(anonymous_2)
FN:39,(anonymous_3)
FN:43,(anonymous_4)
FNF:5
FNH:2
FNDA:0,(anonymous_0)
FNDA:0,(anonymous_1)
FNDA:0,(anonymous_2)
FNDA:1,(anonymous_3)
FNDA:1,(anonymous_4)
DA:6,1
DA:10,1
DA:11,0
DA:12,0
DA:21,0
DA:35,1
DA:36,0
DA:40,1
DA:44,1
DA:45,1
DA:46,0
LF:11
LH:6
BRF:0
BRH:0
end_of_record
